build/app/outputs/mapping/release/seeds.txt
com.nodex.pdfops.pdf_ops.MainActivity
com.nodex.pdfops.pdf_ops.MainActivity: MainActivity()
...
io.flutter.embedding.engine.FlutterJNI: void updateJavaAssetManager(android.content.res.AssetManager,java.lang.String)
kotlinx.coroutines.android.AndroidDispatcherFactory: kotlinx.coroutines.MainCoroutineDispatcher createDispatcher(java.util.List)
androidx.window.embedding.SplitInfo: SplitInfo(androidx.window.embedding.ActivityStack,androidx.window.embedding.ActivityStack,float)
io.flutter.embedding.engine.FlutterJNI: void nativePrefetchDefaultFontManager()
kotlin.coroutines.jvm.internal.ContinuationImpl: kotlin.coroutines.Continuation intercepted()
io.flutter.embedding.engine.FlutterJNI: void setPlatformViewsController(io.flutter.plugin.platform.PlatformViewsController)
androidx.window.embedding.SplitController: androidx.window.embedding.SplitController access$getGlobalInstance$cp()
androidx.window.embedding.SplitRule: SplitRule(int,int,float,int)
androidx.window.embedding.ExtensionEmbeddingBackend$SplitListenerWrapper: void accept$lambda-1(androidx.window.embedding.ExtensionEmbeddingBackend$SplitListenerWrapper,java.util.List)
io.flutter.embedding.engine.systemchannels.TextInputChannel$TextInputType: io.flutter.embedding.engine.systemchannels.TextInputChannel$TextInputType[] values()
androidx.window.embedding.ExtensionEmbeddingBackend: void unregisterRule(androidx.window.embedding.EmbeddingRule)
androidx.window.embedding.SplitPairFilter: boolean matchesActivityPair(android.app.Activity,android.app.Activity)
kotlin.coroutines.jvm.internal.BaseContinuationImpl: kotlin.coroutines.jvm.internal.CoroutineStackFrame getCallerFrame()
io.flutter.plugin.platform.SingleViewPresentation: io.flutter.plugin.platform.SingleViewPresentation$PresentationState detachState()
kotlin.jvm.internal.FunctionReference: kotlin.reflect.KFunction getReflected()
androidx.window.java.layout.WindowInfoTrackerCallbackAdapter$addListener$1$1: kotlin.coroutines.Continuation create(java.lang.Object,kotlin.coroutines.Continuation)
com.itextpdf.layout.properties.ListNumberingType: com.itextpdf.layout.properties.ListNumberingType[] values()
io.flutter.view.AccessibilityBridge$Flag: io.flutter.view.AccessibilityBridge$Flag valueOf(java.lang.String)
kotlin.jvm.internal.CallableReference: java.lang.Object call(java.lang.Object[])
kotlin.jvm.internal.CallableReference: kotlin.reflect.KCallable compute()
androidx.window.core.Bounds: boolean isZero()
androidx.window.embedding.ExtensionEmbeddingBackend: java.util.concurrent.locks.ReentrantLock access$getGlobalLock$cp()
androidx.window.layout.HardwareFoldingFeature: androidx.window.layout.FoldingFeature$OcclusionType getOcclusionType()
kotlin.jvm.internal.FunctionReference: boolean isSuspend()
io.flutter.embedding.engine.FlutterJNI: void onSurfaceChanged(int,int)
androidx.window.embedding.SplitRuleParser: java.util.Set parseSplitXml(android.content.Context,int)
io.flutter.plugin.editing.ImeSyncDeferringInsetsCallback$AnimationCallback: ImeSyncDeferringInsetsCallback$AnimationCallback(io.flutter.plugin.editing.ImeSyncDeferringInsetsCallback)
androidx.window.layout.SidecarWindowBackend$Companion: androidx.window.layout.ExtensionInterfaceCompat initAndVerifyExtension(android.content.Context)
androidx.window.layout.WindowInfoTrackerImpl: androidx.window.layout.WindowBackend access$getWindowBackend$p(androidx.window.layout.WindowInfoTrackerImpl)
androidx.window.embedding.SplitPairFilter: java.lang.String toString()
kotlin.coroutines.AbstractCoroutineContextElement: kotlin.coroutines.CoroutineContext plus(kotlin.coroutines.CoroutineContext)
androidx.window.layout.ExtensionWindowLayoutInfoBackend: ExtensionWindowLayoutInfoBackend(androidx.window.extensions.layout.WindowLayoutComponent)
io.flutter.embedding.engine.FlutterJNI: void cleanupMessageData(long)
io.flutter.view.AccessibilityViewEmbedder: android.view.accessibility.AccessibilityNodeInfo getRootNode(android.view.View,int,android.graphics.Rect)
io.flutter.embedding.android.FlutterSplashView$SavedState: FlutterSplashView$SavedState(android.os.Parcel)