build/app/outputs/mapping/release/mapping.txt
# compiler: R8
# compiler_version: 3.2.47
# min_api: 21
# common_typos_disable
# {"id":"com.android.tools.r8.mapping","version":"2.0"}
# pg_map_id: 040d42b
# pg_map_hash: SHA-256 040d42bd693eecf915203b62d4cc50743c4e671d4c96c67afd5f8cb4dfb85167
...
kotlinx.coroutines.internal.ConcurrentKt -> kotlinx.coroutines.internal.d:
    java.lang.reflect.Method REMOVE_FUTURE_ON_CANCEL -> a
    boolean removeFutureOnCancel(java.util.concurrent.Executor) -> a
kotlinx.coroutines.internal.ContextScope -> kotlinx.coroutines.internal.e:
    kotlin.coroutines.CoroutineContext coroutineContext -> Q2
    kotlin.coroutines.CoroutineContext getCoroutineContext() -> p
kotlinx.coroutines.internal.DispatchedContinuation -> kotlinx.coroutines.internal.f:
    kotlin.coroutines.Continuation continuation -> U2
    java.lang.Object countOrElement -> W2
    kotlinx.coroutines.CoroutineDispatcher dispatcher -> T2
    java.lang.Object _state -> V2
    java.util.concurrent.atomic.AtomicReferenceFieldUpdater _reusableCancellableContinuation$FU -> X2
    void cancelCompletedResult$kotlinx_coroutines_core(java.lang.Object,java.lang.Throwable) -> a
    kotlin.coroutines.Continuation getDelegate$kotlinx_coroutines_core() -> b
    java.lang.Object takeState$kotlinx_coroutines_core() -> g
    void awaitReusability() -> i
    kotlinx.coroutines.CancellableContinuationImpl claimReusableCancellableContinuation() -> j
    void dispatchYield$kotlinx_coroutines_core(kotlin.coroutines.CoroutineContext,java.lang.Object) -> k
    kotlinx.coroutines.CancellableContinuationImpl getReusableCancellableContinuation() -> m
    boolean isReusable() -> o
    boolean postponeCancellation(java.lang.Throwable) -> p
    void release() -> q
    java.lang.Throwable tryReleaseClaimedContinuation(kotlinx.coroutines.CancellableContinuation) -> t
kotlinx.coroutines.internal.DispatchedContinuationKt -> kotlinx.coroutines.internal.g:
    kotlinx.coroutines.internal.Symbol UNDEFINED -> a
    kotlinx.coroutines.internal.Symbol REUSABLE_CLAIMED -> b
    kotlinx.coroutines.internal.Symbol access$getUNDEFINED$p() -> a
    void resumeCancellableWith(kotlin.coroutines.Continuation,java.lang.Object,kotlin.jvm.functions.Function1) -> b
    void resumeCancellableWith$default(kotlin.coroutines.Continuation,java.lang.Object,kotlin.jvm.functions.Function1,int,java.lang.Object) -> c
    boolean yieldUndispatched(kotlinx.coroutines.internal.DispatchedContinuation) -> d
kotlinx.coroutines.internal.FastServiceLoader -> kotlinx.coroutines.internal.h:
    kotlinx.coroutines.internal.FastServiceLoader INSTANCE -> a
    java.lang.Object getProviderInstance(java.lang.String,java.lang.ClassLoader,java.lang.Class) -> a
    java.util.List load(java.lang.Class,java.lang.ClassLoader) -> b
    java.util.List loadMainDispatcherFactory$kotlinx_coroutines_core() -> c
    java.util.List loadProviders$kotlinx_coroutines_core(java.lang.Class,java.lang.ClassLoader) -> d
    java.util.List parse(java.net.URL) -> e
    java.util.List parseFile(java.io.BufferedReader) -> f
kotlinx.coroutines.internal.FastServiceLoaderKt -> kotlinx.coroutines.internal.i:
    boolean ANDROID_DETECTED -> a
    boolean getANDROID_DETECTED() -> a
kotlinx.coroutines.internal.InlineList -> kotlinx.coroutines.internal.j:
    java.lang.Object constructor-impl(java.lang.Object) -> a
    java.lang.Object constructor-impl$default(java.lang.Object,int,kotlin.jvm.internal.DefaultConstructorMarker) -> b
    java.lang.Object plus-FjFbRPM(java.lang.Object,java.lang.Object) -> c
kotlinx.coroutines.internal.LockFreeLinkedListHead -> kotlinx.coroutines.internal.k:
    boolean isRemoved() -> t
kotlinx.coroutines.internal.LockFreeLinkedListKt -> kotlinx.coroutines.internal.l:
    java.lang.Object LIST_EMPTY -> b
    java.lang.Object CONDITION_FALSE -> a
    java.lang.Object getCONDITION_FALSE() -> a
    kotlinx.coroutines.internal.LockFreeLinkedListNode unwrap(java.lang.Object) -> b