build/app/outputs/mapping/release/usage.txt
com.nodex.pdfops.pdf_ops.BuildConfig
com.nodex.pdfops.pdf_ops.R$attr
com.nodex.pdfops.pdf_ops.R$color
com.nodex.pdfops.pdf_ops.R$dimen
com.nodex.pdfops.pdf_ops.R$drawable
com.nodex.pdfops.pdf_ops.R$id
com.nodex.pdfops.pdf_ops.R$integer
com.nodex.pdfops.pdf_ops.R$layout
com.nodex.pdfops.pdf_ops.R$mipmap
com.nodex.pdfops.pdf_ops.R$string
com.nodex.pdfops.pdf_ops.R$style
com.nodex.pdfops.pdf_ops.R$styleable
com.nodex.pdfops.pdf_ops.R$xml
com.nodex.pdfops.pdf_ops.R
...
org.bouncycastle.eac.operator.jcajce.JcaEACSignatureVerifierBuilder
org.bouncycastle.eac.operator.jcajce.JcaEACSignerBuilder$1
org.bouncycastle.eac.operator.jcajce.JcaEACSignerBuilder$SignatureOutputStream
org.bouncycastle.eac.operator.jcajce.JcaEACSignerBuilder
org.bouncycastle.eac.operator.jcajce.NamedEACHelper
org.bouncycastle.eac.operator.jcajce.ProviderEACHelper
org.bouncycastle.est.CACertsResponse
org.bouncycastle.est.CSRAttributesResponse
org.bouncycastle.est.CSRRequestResponse
org.bouncycastle.est.CTEBase64InputStream$1
org.bouncycastle.est.CTEBase64InputStream
org.bouncycastle.est.ESTAuth
org.bouncycastle.est.ESTClient
org.bouncycastle.est.ESTClientProvider
org.bouncycastle.est.ESTClientSourceProvider
org.bouncycastle.est.ESTException
org.bouncycastle.est.ESTHijacker
org.bouncycastle.est.ESTRequest
org.bouncycastle.est.ESTRequestBuilder
org.bouncycastle.est.ESTResponse$1
org.bouncycastle.est.ESTResponse$2
org.bouncycastle.est.ESTResponse$PrintingInputStream
org.bouncycastle.est.ESTResponse
org.bouncycastle.est.ESTService$1
org.bouncycastle.est.ESTService
org.bouncycastle.est.ESTServiceBuilder
org.bouncycastle.est.ESTSourceConnectionListener
org.bouncycastle.est.EnrollmentResponse
org.bouncycastle.est.HttpAuth$1
org.bouncycastle.est.HttpAuth
org.bouncycastle.est.HttpUtil$Headers
org.bouncycastle.est.HttpUtil$PartLexer
org.bouncycastle.est.HttpUtil
org.bouncycastle.est.LimitedSource
org.bouncycastle.est.Source
org.bouncycastle.est.TLSUniqueProvider
org.bouncycastle.est.jcajce.ChannelBindingProvider
org.bouncycastle.est.jcajce.DefaultESTClient$PrintingOutputStream
org.bouncycastle.est.jcajce.DefaultESTClient
org.bouncycastle.est.jcajce.DefaultESTClientSourceProvider
org.bouncycastle.est.jcajce.DefaultESTHttpClientProvider
org.bouncycastle.est.jcajce.JcaHttpAuthBuilder
org.bouncycastle.est.jcajce.JcaJceUtils$1
org.bouncycastle.est.jcajce.JcaJceUtils$2
org.bouncycastle.est.jcajce.JcaJceUtils
org.bouncycastle.est.jcajce.JsseDefaultHostnameAuthorizer
org.bouncycastle.est.jcajce.JsseESTServiceBuilder$1
org.bouncycastle.est.jcajce.JsseESTServiceBuilder
org.bouncycastle.est.jcajce.JsseHostnameAuthorizer
org.bouncycastle.est.jcajce.LimitedSSLSocketSource
org.bouncycastle.est.jcajce.SSLSocketFactoryCreator
org.bouncycastle.est.jcajce.SSLSocketFactoryCreatorBuilder$1
org.bouncycastle.est.jcajce.SSLSocketFactoryCreatorBuilder
org.bouncycastle.i18n.ErrorBundle
org.bouncycastle.i18n.LocaleString
org.bouncycastle.i18n.LocalizedException
org.bouncycastle.i18n.LocalizedMessage$FilteredArguments
org.bouncycastle.i18n.LocalizedMessage
org.bouncycastle.i18n.MessageBundle
org.bouncycastle.i18n.MissingEntryException
org.bouncycastle.i18n.TextBundle
org.bouncycastle.i18n.filter.Filter
org.bouncycastle.i18n.filter.HTMLFilter
org.bouncycastle.i18n.filter.SQLFilter
org.bouncycastle.i18n.filter.TrustedInput
org.bouncycastle.i18n.filter.UntrustedInput
org.bouncycastle.i18n.filter.UntrustedUrlInput
org.bouncycastle.iana.AEADAlgorithm
org.bouncycastle.internal.asn1.bsi.BSIObjectIdentifiers
org.bouncycastle.internal.asn1.cms.CCMParameters
org.bouncycastle.internal.asn1.cms.CMSObjectIdentifiers
org.bouncycastle.internal.asn1.cms.GCMParameters
org.bouncycastle.internal.asn1.eac.EACObjectIdentifiers
org.bouncycastle.internal.asn1.isismtt.ISISMTTObjectIdentifiers
org.bouncycastle.its.ITSCertificate
org.bouncycastle.its.ITSCertificateBuilder
org.bouncycastle.its.ITSExplicitCertificateBuilder
org.bouncycastle.its.ITSImplicitCertificateBuilder
org.bouncycastle.its.ITSPublicEncryptionKey$symmAlgorithm
org.bouncycastle.its.ITSPublicEncryptionKey
org.bouncycastle.its.ITSPublicVerificationKey
org.bouncycastle.its.ITSValidityPeriod$Builder
org.bouncycastle.its.ITSValidityPeriod$Unit
org.bouncycastle.its.ITSValidityPeriod
org.bouncycastle.its.bc.BcITSContentSigner
org.bouncycastle.its.bc.BcITSContentVerifierProvider$1
org.bouncycastle.its.bc.BcITSContentVerifierProvider$2
org.bouncycastle.its.bc.BcITSContentVerifierProvider